<?xml version="1.0" encoding="UTF-8"?>
<!-- Generated by org.testng.reporters.JUnitXMLReporter -->
<testsuite ignored="0" hostname="PMLDVBALAJID" failures="1" tests="1" name="Test" time="5.676" errors="0" timestamp="2024-04-12T12:55:46 IST">
  <testcase classname="com.screeShot.practise.TestScreenShotonFailures" name="test_login" time="5.414">
    <failure type="java.lang.AssertionError" message="The following asserts failed:
	expected [Google] but found [Google1]">
      <![CDATA[java.lang.AssertionError: The following asserts failed:
expected [Google] but found [Google1]
at com.screeShot.practise.TestScreenShotonFailures.test_login(TestScreenShotonFailures.java:29)
at java.base/java.util.ArrayList.forEach(ArrayList.java:1511)
... Removed 29 stack frames]]>
    </failure>
  </testcase> <!-- test_login -->
</testsuite> <!-- Test -->
