<?xml version="1.0" encoding="UTF-8"?>
<!-- Generated by org.testng.reporters.JUnitXMLReporter -->
<testsuite ignored="0" hostname="DESKTOP-JUC4I42" failures="1" tests="4" name="Test1" time="0.076" errors="0" timestamp="2024-05-29T10:05:03 PDT">
  <testcase classname="com.failed.TestCases.TestFailedCases2" name="testShree" time="0.013"/>
  <testcase classname="com.failed.TestCases.TestFailedCases2" name="testShreeTwo" time="0.012">
    <skipped/>
  </testcase> <!-- testShreeTwo -->
  <testcase classname="com.failed.TestCases.TestFailedCases2" name="testShreeTwo" time="0.001">
    <skipped/>
  </testcase> <!-- testShreeTwo -->
  <testcase classname="com.failed.TestCases.TestFailedCases2" name="testShreeTwo" time="0.001">
    <failure type="java.lang.AssertionError" message="expected [true] but found [false]">
      <![CDATA[java.lang.AssertionError: expected [true] but found [false]
at com.failed.TestCases.TestFailedCases2.testShreeTwo(TestFailedCases2.java:19)
at java.base/java.util.ArrayList.forEach(ArrayList.java:1511)
... Removed 31 stack frames]]>
    </failure>
  </testcase> <!-- testShreeTwo -->
</testsuite> <!-- Test1 -->
